<?xml version="1.0" encoding="UTF-8"?>
<!-- Generated by org.testng.reporters.JUnitXMLReporter -->
<testsuite ignored="5" hostname="Intelligents-MacBook-Pro.local" failures="0" tests="1" name="Default test" time="0.19" errors="0" timestamp="2023-05-29T15:27:14 IST">
  <testcase classname="gorest.test.DDUserModuleTest" name="mytest" time="0.004"/>
  <testcase classname="gorest.test.DDUserModuleTest" name="deleteUserTest" time="0.0">
    <ignored/>
  </testcase> <!-- deleteUserTest -->
  <testcase classname="gorest.test.DDUserModuleTest" name="getUserTest" time="0.0">
    <ignored/>
  </testcase> <!-- getUserTest -->
  <testcase classname="gorest.test.DDUserModuleTest" name="createUserTest" time="0.0">
    <ignored/>
  </testcase> <!-- createUserTest -->
  <testcase classname="gorest.test.DDUserModuleTest" name="updateUserTest" time="0.0">
    <ignored/>
  </testcase> <!-- updateUserTest -->
  <testcase classname="gorest.test.DDUserModuleTest" name="patchUserTest" time="0.0">
    <ignored/>
  </testcase> <!-- patchUserTest -->
</testsuite> <!-- Default test -->
