<?xml version="1.0" encoding="UTF-8"?>
<testsuite xmlns:xsi="http://www.w3.org/2001/XMLSchema-instance" xsi:noNamespaceSchemaLocation="https://maven.apache.org/surefire/maven-surefire-plugin/xsd/surefire-test-report.xsd" name="TestSuite" time="6.166" tests="3" errors="0" skipped="0" failures="1">
  <properties>
[...]
</properties>
  <testcase name="myTestUserModule" classname="gorest.test.UserModuleTest" time="0.008"/>
  <testcase name="myTestUserModule1" classname="gorest.test.UserModuleTest" time="0.01">
    <failure message="expected [true] but found [false]" type="java.lang.AssertionError">java.lang.AssertionError: expected [true] but found [false]
	at gorest.test.UserModuleTest.myTestUserModule1(UserModuleTest.java:70)
</failure>
    <system-out><![CDATA[17:52:59.277 [main] INFO  gorest.logger.Log - myTestUserModule1
17:52:59.282 [main] INFO  gorest.logger.Log - from listeners  onTestFailure myTestUserModule1
]]></system-out>
  </testcase>
  <testcase name="myTestDDUserModule" classname="gorest.test.DDUserModuleTest" time="0"/>
</testsuite>