-------------------------------------------------------------------------------
Test set: TestSuite
-------------------------------------------------------------------------------
Tests run: 3, Failures: 1, Errors: 0, Skipped: 0, Time elapsed: 6.166 s <<< FAILURE! - in TestSuite
myTestUserModule1(gorest.test.UserModuleTest)  Time elapsed: 0.01 s  <<< FAILURE!
java.lang.AssertionError: expected [true] but found [false]
	at gorest.test.UserModuleTest.myTestUserModule1(UserModuleTest.java:70)

