<?xml version="1.0" encoding="UTF-8"?>
<!-- Generated by org.testng.reporters.JUnitReportReporter -->
<testsuite hostname="Intelligents-MacBook-Pro.local" failures="0" tests="6" name="gorest.test.DDUserModuleTest" time="0.001" errors="0" timestamp="2023-05-29T16:06:10 IST" skipped="5">
  <testcase classname="gorest.test.DDUserModuleTest" name="myTestDDUserModule" time="0.001"/>
  <system-out/>
  <testcase classname="gorest.test.DDUserModuleTest" name="deleteUserTest">
    <skipped/>
  </testcase> <!-- deleteUserTest -->
  <system-out/>
  <testcase classname="gorest.test.DDUserModuleTest" name="getUserTest">
    <skipped/>
  </testcase> <!-- getUserTest -->
  <system-out/>
  <testcase classname="gorest.test.DDUserModuleTest" name="createUserTest">
    <skipped/>
  </testcase> <!-- createUserTest -->
  <system-out/>
  <testcase classname="gorest.test.DDUserModuleTest" name="updateUserTest">
    <skipped/>
  </testcase> <!-- updateUserTest -->
  <system-out/>
  <testcase classname="gorest.test.DDUserModuleTest" name="patchUserTest">
    <skipped/>
  </testcase> <!-- patchUserTest -->
  <system-out/>
</testsuite> <!-- gorest.test.DDUserModuleTest -->
